{"total": {"lines":{"total":43,"covered":38,"skipped":0,"pct":88.37},"statements":{"total":44,"covered":39,"skipped":0,"pct":88.63},"functions":{"total":3,"covered":3,"skipped":0,"pct":100},"branches":{"total":23,"covered":16,"skipped":0,"pct":69.56},"branchesTrue":{"total":0,"covered":0,"skipped":0,"pct":"Unknown"}}
,"C:\\Users\\mathm\\Documents\\Projects\\Tuff-Toolchain\\Tuffc\\tuff.ts": {"lines":{"total":43,"covered":38,"skipped":0,"pct":88.37},"functions":{"total":3,"covered":3,"skipped":0,"pct":100},"statements":{"total":44,"covered":39,"skipped":0,"pct":88.63},"branches":{"total":23,"covered":16,"skipped":0,"pct":69.56}}
}
