TN:
SF:index.js
FNF:50
FNH:50
DA:1,17
DA:2,38
DA:4,30
DA:5,18
DA:6,2
DA:8,52
DA:9,47
DA:12,31
DA:13,41
DA:14,38
DA:15,2
DA:18,51
DA:19,27
DA:21,51
DA:22,42
DA:23,8
DA:24,4
DA:26,45
DA:27,40
DA:29,32
DA:30,37
DA:31,8
DA:32,4
DA:34,54
DA:35,79
DA:37,70
DA:38,44
DA:39,31
DA:40,3
DA:41,4
DA:42,2
DA:44,70
DA:46,53
DA:47,46
DA:48,2
DA:50,53
DA:51,44
DA:54,29
DA:55,20
DA:57,53
DA:58,47
DA:59,40
DA:61,32
DA:62,30
DA:63,8
DA:64,4
DA:66,26
DA:68,51
DA:69,40
DA:70,4
DA:72,45
DA:73,34
DA:74,4
DA:76,73
DA:77,2
DA:79,13
DA:82,26
DA:83,27
DA:84,30
DA:85,25
DA:87,60
DA:88,57
DA:90,51
DA:91,22
DA:92,15
DA:94,38
DA:95,53
DA:96,2
DA:98,27
DA:99,68
DA:100,34
DA:102,20
DA:105,30
DA:106,18
DA:107,14
DA:109,32
DA:110,70
DA:112,70
DA:113,47
DA:114,47
DA:115,59
DA:116,14
DA:117,13
DA:118,28
DA:119,15
DA:121,2
DA:123,13
DA:126,27
DA:127,18
DA:128,14
DA:130,32
DA:131,70
DA:133,80
DA:134,33
DA:135,30
DA:137,77
DA:138,19
DA:139,6
DA:141,59
DA:142,13
DA:143,13
DA:144,28
DA:145,15
DA:147,2
DA:149,13
DA:152,22
DA:153,16
DA:155,41
DA:156,45
DA:158,28
DA:159,13
DA:160,4
DA:162,50
DA:164,66
DA:165,40
DA:166,4
DA:168,65
DA:169,74
DA:171,65
DA:172,25
DA:173,8
DA:174,11
DA:175,7
DA:176,26
DA:177,13
DA:178,6
DA:179,7
DA:180,10
DA:181,4
DA:182,2
DA:183,2
DA:185,11
DA:188,9
DA:189,19
DA:191,71
DA:192,27
DA:193,2
DA:195,4
DA:196,22
DA:197,72
DA:198,5
DA:199,31
DA:200,2
DA:202,13
DA:205,9
DA:206,61
DA:207,19
DA:208,2
DA:210,10
DA:213,21
DA:214,29
DA:216,57
DA:217,28
DA:218,11
DA:219,56
DA:220,43
DA:221,20
DA:222,7
DA:223,27
DA:224,2
DA:226,9
DA:227,24
DA:228,5
DA:229,59
DA:230,34
DA:231,45
DA:232,15
DA:233,34
DA:235,2
DA:239,1
DA:240,12
DA:241,19
DA:242,22
DA:243,21
DA:244,3
DA:245,18
DA:247,50
DA:248,31
DA:249,56
DA:250,27
DA:251,15
DA:252,19
DA:253,24
DA:254,12
DA:255,4
DA:256,2
DA:258,13
DA:261,1
DA:262,11
DA:263,19
DA:264,32
DA:265,21
DA:266,3
DA:267,41
DA:268,38
DA:270,40
DA:271,56
DA:272,64
DA:273,60
DA:274,63
DA:276,36
DA:277,24
DA:279,48
DA:280,79
DA:281,8
DA:283,13
DA:284,6
DA:286,22
DA:287,27
DA:288,75
DA:290,27
DA:291,46
DA:292,56
DA:293,44
DA:294,8
DA:295,8
DA:297,45
DA:298,6
DA:300,43
DA:301,4
DA:303,54
DA:305,44
DA:306,36
DA:307,4
DA:309,33
DA:310,40
DA:311,2
DA:313,33
DA:314,69
DA:315,2
DA:317,39
DA:318,42
DA:319,2
DA:321,42
DA:322,63
DA:324,33
DA:325,21
DA:326,4
DA:328,80
DA:329,2
DA:331,45
DA:332,48
DA:333,2
DA:335,36
DA:336,25
DA:337,16
DA:338,19
DA:339,7
DA:340,12
DA:341,1
DA:342,2
DA:344,37
DA:345,49
DA:346,2
DA:348,67
DA:349,49
DA:350,2
DA:352,9
DA:355,48
DA:356,40
DA:357,37
DA:358,6
DA:359,19
DA:360,7
DA:361,12
DA:362,4
DA:364,50
DA:367,15
DA:368,43
DA:369,48
DA:370,79
DA:372,30
DA:373,92
DA:374,2
DA:376,63
DA:379,15
DA:380,37
DA:382,30
DA:383,9
DA:384,2
DA:386,42
DA:387,22
DA:388,30
DA:389,2
DA:390,39
DA:392,96
DA:393,27
DA:397,11
DA:398,31
DA:399,12
DA:400,2
DA:402,26
DA:404,45
DA:405,28
DA:406,42
DA:407,57
DA:409,61
DA:410,21
DA:411,38
DA:412,38
DA:413,23
DA:415,41
DA:416,29
DA:417,15
DA:418,37
DA:420,13
DA:421,33
DA:423,2
DA:425,34
DA:428,11
DA:429,31
DA:430,12
DA:431,2
DA:433,56
DA:434,12
DA:435,2
DA:437,30
DA:438,0
DA:439,2
DA:441,26
DA:444,11
DA:445,35
DA:446,37
DA:447,2
DA:449,12
DA:452,11
DA:453,31
DA:454,73
DA:457,11
DA:458,59
DA:459,27
DA:462,10
DA:463,49
DA:466,13
DA:467,44
DA:469,22
DA:470,11
DA:471,2
DA:473,49
DA:474,36
DA:475,48
DA:477,29
DA:478,18
DA:479,4
DA:481,48
DA:483,29
DA:484,58
DA:485,63
DA:486,27
DA:487,4
DA:489,18
DA:490,4
DA:492,37
DA:495,13
DA:496,44
DA:498,22
DA:499,9
DA:500,2
DA:502,42
DA:503,36
DA:504,48
DA:506,29
DA:507,47
DA:508,4
DA:510,48
DA:512,29
DA:513,47
DA:514,4
DA:516,18
DA:517,1
DA:520,13
DA:521,44
DA:523,22
DA:524,9
DA:525,2
DA:527,20
DA:529,41
DA:530,36
DA:531,48
DA:533,29
DA:534,62
DA:536,34
DA:537,60
DA:538,4
DA:539,2
DA:540,2
DA:542,13
DA:545,12
DA:546,24
DA:547,14
DA:549,32
DA:550,38
DA:552,32
DA:553,10
DA:554,4
DA:556,43
DA:557,75
DA:558,33
DA:559,17
DA:560,52
DA:561,78
DA:562,33
DA:563,17
DA:564,48
DA:565,72
DA:566,33
DA:567,17
DA:568,48
DA:569,66
DA:570,33
DA:571,17
DA:572,37
DA:573,51
DA:574,72
DA:575,35
DA:576,19
DA:577,65
DA:578,72
DA:579,35
DA:580,19
DA:581,15
DA:582,57
DA:583,49
DA:584,24
DA:586,52
DA:587,70
DA:588,33
DA:589,17
DA:590,13
DA:591,70
DA:592,33
DA:593,20
DA:595,2
DA:597,17
DA:600,22
DA:601,25
DA:602,36
DA:604,29
DA:605,45
DA:606,2
DA:608,11
DA:610,29
DA:611,21
DA:613,50
DA:614,31
DA:615,20
DA:616,37
DA:617,20
DA:618,5
DA:620,11
DA:621,2
DA:623,65
DA:624,36
DA:626,29
DA:627,45
DA:628,2
DA:630,40
DA:632,12
DA:633,59
DA:634,22
DA:635,1
DA:638,22
DA:639,25
DA:640,36
DA:642,41
DA:643,45
DA:644,2
DA:646,56
DA:648,28
DA:649,45
DA:650,2
DA:652,49
DA:654,29
DA:655,11
DA:656,2
DA:658,12
DA:659,18
DA:660,29
DA:661,27
DA:662,28
DA:663,6
DA:664,13
DA:665,1
DA:668,22
DA:669,25
DA:670,36
DA:672,41
DA:673,45
DA:674,2
DA:676,61
DA:678,54
DA:679,45
DA:680,2
DA:682,12
DA:683,18
DA:684,26
DA:685,42
DA:686,46
DA:687,39
DA:688,6
DA:689,31
DA:690,1
DA:693,22
DA:694,61
DA:696,28
DA:697,45
DA:698,2
DA:700,53
DA:702,56
DA:703,45
DA:704,2
DA:706,11
DA:707,36
DA:709,29
DA:710,45
DA:711,2
DA:713,51
DA:715,12
DA:716,18
DA:717,23
DA:718,27
DA:719,31
DA:720,8
DA:721,6
DA:722,8
DA:723,1
DA:726,22
DA:727,25
DA:728,36
DA:730,24
DA:732,65
DA:733,11
DA:734,2
DA:736,51
DA:738,21
DA:739,11
DA:740,2
DA:742,36
DA:744,29
DA:745,11
DA:746,2
DA:748,11
DA:750,26
DA:752,55
DA:753,11
DA:754,2
DA:756,29
DA:757,11
DA:758,2
DA:760,11
DA:762,58
DA:763,47
DA:765,36
DA:768,22
DA:769,78
DA:770,55
DA:773,22
DA:774,62
DA:775,8
DA:776,8
DA:777,4
DA:779,60
DA:781,28
DA:782,60
DA:783,62
DA:785,65
DA:786,2
DA:788,12
DA:789,60
DA:790,8
DA:791,1
DA:794,22
DA:795,21
DA:796,21
DA:797,21
DA:799,7
DA:800,23
DA:801,63
DA:802,5
DA:803,31
DA:804,20
DA:805,55
DA:806,20
DA:807,37
DA:808,20
DA:809,55
DA:810,20
DA:811,5
DA:813,11
DA:814,2
DA:816,50
DA:818,4
DA:819,24
DA:820,67
DA:821,5
DA:822,11
DA:823,2
DA:825,28
DA:828,22
DA:829,25
DA:830,21
DA:832,50
DA:833,31
DA:834,20
DA:835,37
DA:836,20
DA:837,5
DA:839,11
DA:840,2
DA:842,58
DA:843,44
DA:845,36
DA:847,29
DA:848,11
DA:849,2
DA:851,28
DA:854,22
DA:855,21
DA:857,61
DA:858,11
DA:859,2
DA:861,10
DA:864,10
DA:865,68
DA:868,22
DA:869,25
DA:870,21
DA:872,50
DA:873,31
DA:874,20
DA:875,37
DA:876,22
DA:878,30
DA:879,10
DA:880,4
DA:881,5
DA:883,11
DA:884,2
DA:886,9
DA:889,22
DA:890,67
DA:892,32
DA:893,12
DA:894,2
DA:896,25
DA:897,21
DA:899,34
DA:900,31
DA:901,20
DA:902,37
DA:903,20
DA:904,57
DA:905,11
DA:906,5
DA:908,11
DA:909,2
DA:911,12
DA:914,22
DA:915,67
DA:917,32
DA:918,12
DA:919,2
DA:921,58
DA:923,53
DA:926,31
DA:927,71
DA:928,12
DA:929,2
DA:931,65
DA:934,10
DA:935,7
DA:936,15
DA:937,76
DA:938,4
DA:939,1
DA:943,18
DA:944,44
DA:946,30
DA:947,9
DA:948,2
DA:950,20
DA:951,21
DA:953,52
DA:954,35
DA:955,13
DA:956,4
DA:958,58
DA:959,21
DA:960,2
DA:962,53
DA:964,13
DA:967,19
DA:968,53
DA:969,36
DA:970,13
DA:971,4
DA:973,52
DA:974,48
DA:976,4
DA:977,24
DA:978,24
DA:979,24
DA:980,24
DA:981,17
DA:982,7
DA:983,13
DA:984,4
DA:986,8
DA:987,2
DA:989,9
LF:710
LH:709
end_of_record
TN:
SF:index.test.js
FNF:81
FNH:81
DA:1,50
DA:2,62
DA:4,29
DA:5,36
DA:6,32
DA:7,4
DA:9,74
DA:10,58
DA:11,4
DA:13,96
DA:14,45
DA:15,41
DA:16,4
DA:17,4
DA:19,84
DA:20,65
DA:21,4
DA:23,64
DA:24,33
DA:25,4
DA:27,67
DA:28,35
DA:29,4
DA:31,75
DA:32,32
DA:33,4
DA:35,71
DA:36,61
DA:37,4
DA:39,66
DA:40,51
DA:41,4
DA:43,81
DA:44,69
DA:45,4
DA:47,75
DA:48,65
DA:49,4
DA:51,84
DA:52,67
DA:53,4
DA:55,66
DA:56,56
DA:57,4
DA:59,98
DA:60,58
DA:61,44
DA:62,4
DA:63,4
DA:65,77
DA:66,51
DA:67,4
DA:69,82
DA:70,59
DA:71,4
DA:73,84
DA:74,61
DA:75,4
DA:77,79
DA:78,71
DA:79,4
DA:81,91
DA:82,42
DA:83,33
DA:84,4
DA:85,4
DA:87,105
DA:88,61
DA:89,104
DA:90,4
DA:91,4
DA:93,66
DA:94,59
DA:95,4
DA:97,90
DA:98,65
DA:99,4
DA:101,98
DA:102,54
DA:103,36
DA:104,4
DA:105,4
DA:107,84
DA:108,59
DA:109,4
DA:111,77
DA:112,57
DA:113,4
DA:115,31
DA:116,37
DA:117,4
DA:119,38
DA:120,44
DA:121,4
DA:123,48
DA:124,54
DA:125,4
DA:127,41
DA:128,47
DA:129,4
DA:131,36
DA:132,42
DA:133,4
DA:135,38
DA:136,44
DA:137,4
DA:139,69
DA:140,75
DA:141,4
DA:143,80
DA:144,7
DA:145,67
DA:146,12
DA:147,4
DA:149,60
DA:150,66
DA:151,4
DA:153,84
DA:154,7
DA:155,71
DA:156,12
DA:157,4
DA:159,62
DA:160,7
DA:161,57
DA:162,32
DA:163,25
DA:165,2
DA:166,12
DA:167,4
DA:169,65
DA:170,7
DA:171,60
DA:172,32
DA:173,25
DA:175,2
DA:176,12
DA:177,4
DA:179,87
DA:180,7
DA:181,60
DA:182,32
DA:183,28
DA:185,8
DA:186,2
DA:187,12
DA:188,4
DA:190,30
DA:191,36
DA:192,4
DA:194,31
DA:195,37
DA:196,4
DA:198,32
DA:199,38
DA:200,4
DA:202,31
DA:203,37
DA:204,4
DA:206,32
DA:207,38
DA:208,4
DA:210,32
DA:211,38
DA:212,4
DA:214,32
DA:215,38
DA:216,4
DA:218,39
DA:219,45
DA:220,4
DA:222,45
DA:223,51
DA:224,4
DA:226,49
DA:227,55
DA:228,4
DA:230,58
DA:231,64
DA:232,4
DA:234,57
DA:235,63
DA:236,4
DA:238,57
DA:239,63
DA:240,4
DA:242,59
DA:243,65
DA:244,4
DA:246,56
DA:247,62
DA:248,4
DA:250,79
DA:251,45
DA:252,40
DA:253,4
DA:254,4
DA:256,38
DA:257,44
DA:258,4
DA:260,38
DA:261,44
DA:262,4
DA:264,46
DA:265,52
DA:266,4
DA:268,43
DA:269,49
DA:270,4
DA:272,75
DA:273,76
DA:274,1
DA:275,4
DA:276,4
DA:278,71
DA:279,77
DA:280,4
DA:282,95
DA:283,7
DA:284,10
DA:285,71
DA:286,1
DA:287,12
DA:288,4
DA:290,105
DA:291,7
DA:292,10
DA:293,80
DA:294,1
DA:295,13
DA:296,4
DA:298,38
DA:299,44
DA:300,4
DA:302,45
DA:303,51
DA:304,4
DA:306,39
DA:307,45
DA:308,4
DA:310,46
DA:311,52
DA:312,4
DA:314,52
DA:315,58
DA:316,4
DA:318,78
DA:319,7
DA:320,28
DA:321,35
DA:322,40
DA:323,2
DA:324,12
DA:325,4
DA:327,68
DA:328,7
DA:329,28
DA:330,16
DA:331,14
DA:332,2
DA:333,12
DA:334,4
DA:336,86
DA:337,7
DA:338,28
DA:339,40
DA:340,2
DA:341,12
DA:342,4
DA:343,90
DA:344,7
DA:345,13
DA:346,8
DA:347,7
DA:348,80
DA:349,40
DA:350,3
DA:351,7
DA:352,7
DA:353,78
DA:354,1
DA:355,1
DA:356,12
DA:357,4
DA:359,61
DA:360,7
DA:361,56
DA:362,12
DA:363,4
DA:365,74
DA:366,7
DA:367,13
DA:368,8
DA:369,7
DA:370,79
DA:371,3
DA:372,7
DA:373,51
DA:374,88
DA:375,1
DA:376,1
DA:377,12
DA:378,4
DA:380,90
DA:381,7
DA:382,13
DA:383,8
DA:384,7
DA:385,81
DA:386,3
DA:387,7
DA:388,54
DA:389,1
DA:390,1
DA:391,12
DA:392,4
DA:394,85
DA:395,7
DA:396,13
DA:397,8
DA:398,7
DA:399,79
DA:400,3
DA:401,7
DA:402,52
DA:403,86
DA:404,1
DA:405,1
DA:406,13
DA:407,3
DA:408,3
DA:410,71
DA:411,79
DA:412,3
DA:414,77
DA:415,7
DA:416,65
DA:417,13
DA:418,2
LF:339
LH:339
end_of_record
